01-Oct-2020 15:06:32.532 INFO [main] org.apache.catalina.core.ApplicationContext.log ContextListener: contextInitialized()
01-Oct-2020 15:06:32.532 INFO [main] org.apache.catalina.core.ApplicationContext.log SessionListener: contextInitialized()
01-Oct-2020 15:06:32.547 INFO [main] org.apache.catalina.core.ApplicationContext.log ContextListener: attributeAdded('StockTicker', 'async.Stockticker@19f040ba')
01-Oct-2020 15:06:32.748 INFO [main] org.apache.catalina.core.ApplicationContext.log SessionListener: contextDestroyed()
01-Oct-2020 15:06:32.748 INFO [main] org.apache.catalina.core.ApplicationContext.log ContextListener: contextDestroyed()
01-Oct-2020 15:07:48.232 INFO [main] org.apache.catalina.core.ApplicationContext.log ContextListener: contextInitialized()
01-Oct-2020 15:07:48.232 INFO [main] org.apache.catalina.core.ApplicationContext.log SessionListener: contextInitialized()
01-Oct-2020 15:07:48.232 INFO [main] org.apache.catalina.core.ApplicationContext.log ContextListener: attributeAdded('StockTicker', 'async.Stockticker@757194dc')
01-Oct-2020 15:09:21.377 INFO [main] org.apache.catalina.core.ApplicationContext.log ContextListener: contextInitialized()
01-Oct-2020 15:09:21.377 INFO [main] org.apache.catalina.core.ApplicationContext.log SessionListener: contextInitialized()
01-Oct-2020 15:09:21.379 INFO [main] org.apache.catalina.core.ApplicationContext.log ContextListener: attributeAdded('StockTicker', 'async.Stockticker@757194dc')
01-Oct-2020 15:11:14.816 INFO [main] org.apache.catalina.core.ApplicationContext.log ContextListener: contextInitialized()
01-Oct-2020 15:11:14.816 INFO [main] org.apache.catalina.core.ApplicationContext.log SessionListener: contextInitialized()
01-Oct-2020 15:11:14.832 INFO [main] org.apache.catalina.core.ApplicationContext.log ContextListener: attributeAdded('StockTicker', 'async.Stockticker@4e2c95ee')
01-Oct-2020 15:12:56.809 INFO [main] org.apache.catalina.core.ApplicationContext.log ContextListener: contextInitialized()
01-Oct-2020 15:12:56.809 INFO [main] org.apache.catalina.core.ApplicationContext.log SessionListener: contextInitialized()
01-Oct-2020 15:12:56.824 INFO [main] org.apache.catalina.core.ApplicationContext.log ContextListener: attributeAdded('StockTicker', 'async.Stockticker@4c03a37')
01-Oct-2020 15:27:00.833 INFO [main] org.apache.catalina.core.ApplicationContext.log ContextListener: contextInitialized()
01-Oct-2020 15:27:00.833 INFO [main] org.apache.catalina.core.ApplicationContext.log SessionListener: contextInitialized()
01-Oct-2020 15:27:00.836 INFO [main] org.apache.catalina.core.ApplicationContext.log ContextListener: attributeAdded('StockTicker', 'async.Stockticker@41330d4f')
01-Oct-2020 15:38:47.704 INFO [main] org.apache.catalina.core.ApplicationContext.log ContextListener: contextInitialized()
01-Oct-2020 15:38:47.704 INFO [main] org.apache.catalina.core.ApplicationContext.log SessionListener: contextInitialized()
01-Oct-2020 15:38:47.706 INFO [main] org.apache.catalina.core.ApplicationContext.log ContextListener: attributeAdded('StockTicker', 'async.Stockticker@609db43b')
01-Oct-2020 15:47:17.327 INFO [main] org.apache.catalina.core.ApplicationContext.log ContextListener: contextInitialized()
01-Oct-2020 15:47:17.327 INFO [main] org.apache.catalina.core.ApplicationContext.log SessionListener: contextInitialized()
01-Oct-2020 15:47:17.327 INFO [main] org.apache.catalina.core.ApplicationContext.log ContextListener: attributeAdded('StockTicker', 'async.Stockticker@3e0e1046')
01-Oct-2020 16:17:14.165 INFO [main] org.apache.catalina.core.ApplicationContext.log ContextListener: contextInitialized()
01-Oct-2020 16:17:14.165 INFO [main] org.apache.catalina.core.ApplicationContext.log SessionListener: contextInitialized()
01-Oct-2020 16:17:14.181 INFO [main] org.apache.catalina.core.ApplicationContext.log ContextListener: attributeAdded('StockTicker', 'async.Stockticker@609db43b')
01-Oct-2020 16:20:01.519 INFO [main] org.apache.catalina.core.ApplicationContext.log ContextListener: contextInitialized()
01-Oct-2020 16:20:01.535 INFO [main] org.apache.catalina.core.ApplicationContext.log SessionListener: contextInitialized()
01-Oct-2020 16:20:01.535 INFO [main] org.apache.catalina.core.ApplicationContext.log ContextListener: attributeAdded('StockTicker', 'async.Stockticker@609db43b')
01-Oct-2020 16:24:49.871 INFO [main] org.apache.catalina.core.ApplicationContext.log ContextListener: contextInitialized()
01-Oct-2020 16:24:49.871 INFO [main] org.apache.catalina.core.ApplicationContext.log SessionListener: contextInitialized()
01-Oct-2020 16:24:49.871 INFO [main] org.apache.catalina.core.ApplicationContext.log ContextListener: attributeAdded('StockTicker', 'async.Stockticker@609db43b')
01-Oct-2020 21:06:25.358 INFO [main] org.apache.catalina.core.ApplicationContext.log ContextListener: contextInitialized()
01-Oct-2020 21:06:25.358 INFO [main] org.apache.catalina.core.ApplicationContext.log SessionListener: contextInitialized()
01-Oct-2020 21:06:25.366 INFO [main] org.apache.catalina.core.ApplicationContext.log ContextListener: attributeAdded('StockTicker', 'async.Stockticker@609db43b')
